Bossem Prototype/Library/Bee/Android/Prj/IL2CPP/Gradle/launcher/build/intermediates/manifest_merge_blame_file/release/manifest-merger-blame-release-report.txt
1<?xml version="1.0" encoding="utf-8"?>
2<manifest xmlns:android="http://schemas.android.com/apk/res/android"
3    package="com.DefaultCompany.BossemPrototype"
4    android:installLocation="preferExternal"
5    android:versionCode="1"
6    android:versionName="1.0.2" >
7
8    <uses-sdk
9        android:minSdkVersion="22"
9-->src\main\AndroidManifest.xml
10        android:targetSdkVersion="30" />
10-->src\main\AndroidManifest.xml
11
12    <supports-screens
12-->src\main\AndroidManifest.xml:3:3-163
13        android:anyDensity="true"
13-->src\main\AndroidManifest.xml:3:135-160
14        android:largeScreens="true"
14-->src\main\AndroidManifest.xml:3:78-105
15        android:normalScreens="true"
15-->src\main\AndroidManifest.xml:3:49-77
16        android:smallScreens="true"
16-->src\main\AndroidManifest.xml:3:21-48
17        android:xlargeScreens="true" />
17-->src\main\AndroidManifest.xml:3:106-134
18
19    <uses-feature android:glEsVersion="0x00030000" />
19-->[:unityLibrary] AndroidManifest.xml:10:5-54
19-->[:unityLibrary] AndroidManifest.xml:10:19-51
20
21    <uses-permission android:name="android.permission.INTERNET" />
21-->[:unityLibrary] AndroidManifest.xml:12:5-67
21-->[:unityLibrary] AndroidManifest.xml:12:22-64
22    <uses-permission android:name="android.permission.ACCESS_FINE_LOCATION" />
22-->[:unityLibrary] AndroidManifest.xml:13:5-79
22-->[:unityLibrary] AndroidManifest.xml:13:22-76
23
24    <uses-feature
24-->[:unityLibrary] AndroidManifest.xml:15:5-17:36
25        android:name="android.hardware.location.gps"
25-->[:unityLibrary] AndroidManifest.xml:16:9-53
26        android:required="false" />
26-->[:unityLibrary] AndroidManifest.xml:17:9-33
27    <uses-feature
27-->[:unityLibrary] AndroidManifest.xml:18:5-20:36
28        android:name="android.hardware.location"
28-->[:unityLibrary] AndroidManifest.xml:19:9-49
29        android:required="false" />
29-->[:unityLibrary] AndroidManifest.xml:20:9-33
30
31    <uses-permission android:name="android.permission.RECORD_AUDIO" />
31-->[:unityLibrary] AndroidManifest.xml:22:5-71
31-->[:unityLibrary] AndroidManifest.xml:22:22-68
32    <uses-permission android:name="android.permission.MODIFY_AUDIO_SETTINGS" />
32-->[:unityLibrary] AndroidManifest.xml:23:5-80
32-->[:unityLibrary] AndroidManifest.xml:23:22-77
33    <uses-permission android:name="android.permission.BLUETOOTH" />
33-->[:unityLibrary] AndroidManifest.xml:24:5-68
33-->[:unityLibrary] AndroidManifest.xml:24:22-65
34
35    <uses-feature
35-->[:unityLibrary] AndroidManifest.xml:26:5-28:36
36        android:name="android.hardware.microphone"
36-->[:unityLibrary] AndroidManifest.xml:27:9-51
37        android:required="false" />
37-->[:unityLibrary] AndroidManifest.xml:28:9-33
38    <uses-feature
38-->[:unityLibrary] AndroidManifest.xml:29:5-31:36
39        android:name="android.hardware.touchscreen"
39-->[:unityLibrary] AndroidManifest.xml:30:9-52
40        android:required="false" />
40-->[:unityLibrary] AndroidManifest.xml:31:9-33
41    <uses-feature
41-->[:unityLibrary] AndroidManifest.xml:32:5-34:36
42        android:name="android.hardware.touchscreen.multitouch"
42-->[:unityLibrary] AndroidManifest.xml:33:9-63
43        android:required="false" />
43-->[:unityLibrary] AndroidManifest.xml:34:9-33
44    <uses-feature
44-->[:unityLibrary] AndroidManifest.xml:35:5-37:36
45        android:name="android.hardware.touchscreen.multitouch.distinct"
45-->[:unityLibrary] AndroidManifest.xml:36:9-72
46        android:required="false" />
46-->[:unityLibrary] AndroidManifest.xml:37:9-33
47
48    <uses-permission android:name="android.permission.CAMERA" />
48-->[:unityLibrary] AndroidManifest.xml:39:5-65
48-->[:unityLibrary] AndroidManifest.xml:39:22-62
49    <uses-permission android:name="android.permission.READ_EXTERNAL_STORAGE" />
49-->[:unityLibrary] AndroidManifest.xml:40:5-80
49-->[:unityLibrary] AndroidManifest.xml:40:22-77
50
51    <queries>
51-->[:unityLibrary] AndroidManifest.xml:42:5-44:15
52        <package android:name="com.google.ar.core" />
52-->[:unityLibrary] AndroidManifest.xml:43:9-54
52-->[:unityLibrary] AndroidManifest.xml:43:18-51
53    </queries>
54
55    <uses-permission
55-->[:unityLibrary] AndroidManifest.xml:46:5-48:36
56        android:name="android.hardware.camera.ar"
56-->[:unityLibrary] AndroidManifest.xml:47:9-50
57        android:required="false" />
57-->[:unityLibrary] AndroidManifest.xml:48:9-33
58    <uses-permission
58-->[:unityLibrary] AndroidManifest.xml:46:5-48:36
59        android:name="android.hardware.camera.ar"
59-->[:unityLibrary] AndroidManifest.xml:47:9-50
60        android:required="false" />
60-->[:unityLibrary] AndroidManifest.xml:48:9-33
61    <uses-permission
61-->[:unityLibrary] AndroidManifest.xml:46:5-48:36
62        android:name="android.hardware.camera.ar"
62-->[:unityLibrary] AndroidManifest.xml:47:9-50
63        android:required="false" />
63-->[:unityLibrary] AndroidManifest.xml:48:9-33
64    <uses-permission
64-->[:unityLibrary] AndroidManifest.xml:46:5-48:36
65        android:name="android.hardware.camera.ar"
65-->[:unityLibrary] AndroidManifest.xml:47:9-50
66        android:required="false" />
66-->[:unityLibrary] AndroidManifest.xml:48:9-33
67    <uses-permission
67-->[:unityLibrary] AndroidManifest.xml:46:5-48:36
68        android:name="android.hardware.camera.ar"
68-->[:unityLibrary] AndroidManifest.xml:47:9-50
69        android:required="false" />
69-->[:unityLibrary] AndroidManifest.xml:48:9-33
70    <uses-permission
70-->[:unityLibrary] AndroidManifest.xml:46:5-48:36
71        android:name="android.hardware.camera.ar"
71-->[:unityLibrary] AndroidManifest.xml:47:9-50
72        android:required="false" />
72-->[:unityLibrary] AndroidManifest.xml:48:9-33
73    <uses-permission
73-->[:unityLibrary] AndroidManifest.xml:46:5-48:36
74        android:name="android.hardware.camera.ar"
74-->[:unityLibrary] AndroidManifest.xml:47:9-50
75        android:required="false" />
75-->[:unityLibrary] AndroidManifest.xml:48:9-33
76    <uses-permission
76-->[:unityLibrary] AndroidManifest.xml:46:5-48:36
77        android:name="android.hardware.camera.ar"
77-->[:unityLibrary] AndroidManifest.xml:47:9-50
78        android:required="false" />
78-->[:unityLibrary] AndroidManifest.xml:48:9-33
79    <uses-permission
79-->[:unityLibrary] AndroidManifest.xml:46:5-48:36
80        android:name="android.hardware.camera.ar"
80-->[:unityLibrary] AndroidManifest.xml:47:9-50
81        android:required="false" />
81-->[:unityLibrary] AndroidManifest.xml:48:9-33
82
83    <application
83-->src\main\AndroidManifest.xml:4:3-83
84        android:extractNativeLibs="true"
84-->[:unityLibrary] AndroidManifest.xml:74:18-50
85        android:icon="@mipmap/app_icon"
85-->src\main\AndroidManifest.xml:4:49-80
86        android:label="@string/app_name" >
86-->src\main\AndroidManifest.xml:4:16-48
87        <activity
87-->[:unityLibrary] AndroidManifest.xml:75:9-95:20
88            android:name="com.unity3d.player.UnityPlayerActivity"
88-->[:unityLibrary] AndroidManifest.xml:76:13-66
89            android:configChanges="mcc|mnc|locale|touchscreen|keyboard|keyboardHidden|navigation|orientation|screenLayout|uiMode|screenSize|smallestScreenSize|fontScale|layoutDirection|density"
89-->[:unityLibrary] AndroidManifest.xml:77:13-194
90            android:hardwareAccelerated="false"
90-->[:unityLibrary] AndroidManifest.xml:78:13-48
91            android:launchMode="singleTask"
91-->[:unityLibrary] AndroidManifest.xml:79:13-44
92            android:resizeableActivity="false"
92-->[:unityLibrary] AndroidManifest.xml:80:13-47
93            android:screenOrientation="fullUser"
93-->[:unityLibrary] AndroidManifest.xml:81:13-49
94            android:theme="@style/UnityThemeSelector" >
94-->[:unityLibrary] AndroidManifest.xml:82:13-54
95            <intent-filter>
95-->[:unityLibrary] AndroidManifest.xml:83:13-87:29
96                <action android:name="android.intent.action.MAIN" />
96-->[:unityLibrary] AndroidManifest.xml:84:17-69
96-->[:unityLibrary] AndroidManifest.xml:84:25-66
97
98                <category android:name="android.intent.category.LAUNCHER" />
98-->[:unityLibrary] AndroidManifest.xml:86:17-77
98-->[:unityLibrary] AndroidManifest.xml:86:27-74
99            </intent-filter>
100
101            <meta-data
101-->[:unityLibrary] AndroidManifest.xml:89:13-91:40
102                android:name="unityplayer.UnityActivity"
102-->[:unityLibrary] AndroidManifest.xml:90:17-57
103                android:value="true" />
103-->[:unityLibrary] AndroidManifest.xml:91:17-37
104            <meta-data
104-->[:unityLibrary] AndroidManifest.xml:92:13-94:40
105                android:name="android.notch_support"
105-->[:unityLibrary] AndroidManifest.xml:93:17-53
106                android:value="true" />
106-->[:unityLibrary] AndroidManifest.xml:94:17-37
107        </activity>
108
109        <meta-data
109-->[:unityLibrary] AndroidManifest.xml:97:9-99:33
110            android:name="unity.splash-mode"
110-->[:unityLibrary] AndroidManifest.xml:98:13-45
111            android:value="0" />
111-->[:unityLibrary] AndroidManifest.xml:99:13-30
112        <meta-data
112-->[:unityLibrary] AndroidManifest.xml:100:9-102:36
113            android:name="unity.splash-enable"
113-->[:unityLibrary] AndroidManifest.xml:101:13-47
114            android:value="True" />
114-->[:unityLibrary] AndroidManifest.xml:102:13-33
115        <meta-data
115-->[:unityLibrary] AndroidManifest.xml:103:9-105:36
116            android:name="unity.launch-fullscreen"
116-->[:unityLibrary] AndroidManifest.xml:104:13-51
117            android:value="True" />
117-->[:unityLibrary] AndroidManifest.xml:105:13-33
118        <meta-data
118-->[:unityLibrary] AndroidManifest.xml:106:9-108:37
119            android:name="unity.allow-resizable-window"
119-->[:unityLibrary] AndroidManifest.xml:107:13-56
120            android:value="False" />
120-->[:unityLibrary] AndroidManifest.xml:108:13-34
121        <meta-data
121-->[:unityLibrary] AndroidManifest.xml:109:9-111:50
122            android:name="notch.config"
122-->[:unityLibrary] AndroidManifest.xml:110:13-40
123            android:value="portrait|landscape" />
123-->[:unityLibrary] AndroidManifest.xml:111:13-47
124
125        <receiver
125-->[:unityLibrary] AndroidManifest.xml:113:9-115:40
126            android:name="com.unity.androidnotifications.UnityNotificationManager"
126-->[:unityLibrary] AndroidManifest.xml:114:13-83
127            android:exported="false" />
127-->[:unityLibrary] AndroidManifest.xml:115:13-37
128        <receiver
128-->[:unityLibrary] AndroidManifest.xml:116:9-123:20
129            android:name="com.unity.androidnotifications.UnityNotificationRestartOnBootReceiver"
129-->[:unityLibrary] AndroidManifest.xml:117:13-97
130            android:enabled="false"
130-->[:unityLibrary] AndroidManifest.xml:118:13-36
131            android:exported="false" >
131-->[:unityLibrary] AndroidManifest.xml:119:13-37
132            <intent-filter>
132-->[:unityLibrary] AndroidManifest.xml:120:13-122:29
133                <action android:name="android.intent.action.BOOT_COMPLETED" />
133-->[:unityLibrary] AndroidManifest.xml:121:17-79
133-->[:unityLibrary] AndroidManifest.xml:121:25-76
134            </intent-filter>
135        </receiver>
136
137        <uses-native-library
137-->[:unityLibrary] AndroidManifest.xml:125:9-127:40
138            android:name="libOpenCL-pixel.so"
138-->[:unityLibrary] AndroidManifest.xml:126:13-46
139            android:required="false" />
139-->[:unityLibrary] AndroidManifest.xml:127:13-37
140        <uses-native-library
140-->[:unityLibrary] AndroidManifest.xml:125:9-127:40
141            android:name="libOpenCL.so"
141-->[:unityLibrary] AndroidManifest.xml:126:13-46
142            android:required="false" />
142-->[:unityLibrary] AndroidManifest.xml:127:13-37
143
144        <activity
144-->[:unityLibrary] AndroidManifest.xml:132:9-136:46
145            android:name="com.google.ar.core.InstallActivity"
145-->[:unityLibrary] AndroidManifest.xml:133:13-62
146            android:configChanges="keyboardHidden|orientation|screenSize"
146-->[:unityLibrary] AndroidManifest.xml:134:13-74
147            android:excludeFromRecents="true"
147-->[:unityLibrary] AndroidManifest.xml:135:13-46
148            android:exported="false"
148-->[:core-1.22.0:] AndroidManifest.xml:40:13-37
149            android:launchMode="singleTop"
149-->[:unityLibrary] AndroidManifest.xml:136:13-43
150            android:theme="@android:style/Theme.Material.Light.Dialog.Alert" />
150-->[:core-1.22.0:] AndroidManifest.xml:42:13-77
151
152        <meta-data
152-->[:unityLibrary] AndroidManifest.xml:138:9-140:40
153            android:name="com.google.ar.core"
153-->[:unityLibrary] AndroidManifest.xml:139:13-46
154            android:value="optional" /> <!-- The minimal version code of ARCore APK required for an app using this SDK. -->
154-->[:unityLibrary] AndroidManifest.xml:140:13-37
155        <meta-data
155-->[:core-1.22.0:] AndroidManifest.xml:32:9-34:41
156            android:name="com.google.ar.core.min_apk_version"
156-->[:core-1.22.0:] AndroidManifest.xml:33:13-62
157            android:value="202940000" />
157-->[:core-1.22.0:] AndroidManifest.xml:34:13-38
158    </application>
159
160</manifest>